<?xml version="1.0" encoding="UTF-8"?>
<!-- Generated by org.testng.reporters.JUnitReportReporter -->
<testsuite hostname="LAPCHN-1RTQT34" failures="0" tests="3" name="TestClasses.cartTest" time="36.887" errors="0" timestamp="2026-05-31T22:58:35 IST" skipped="0">
  <testcase classname="TestClasses.cartTest" name="testRemoveProductFromCart" time="14.348"/>
  <testcase classname="TestClasses.cartTest" name="testAddMultipleProductsToCart" time="9.060"/>
  <testcase classname="TestClasses.cartTest" name="testAddOneProductToCart" time="13.479"/>
</testsuite> <!-- TestClasses.cartTest -->
