<?xml version="1.0" encoding="UTF-8"?>
<!-- Generated by org.testng.reporters.JUnitXMLReporter -->
<testsuite ignored="0" hostname="LAPCHN-1RTQT34" failures="0" tests="7" name="All Tests" time="53.488" errors="0" timestamp="2026-05-31T22:58:35 IST">
  <testcase classname="TestClasses.loginTest" name="testInvalidLogin" time="0.227"/>
  <testcase classname="TestClasses.loginTest" name="testValidLogin" time="0.214"/>
  <testcase classname="TestClasses.dashboardTest" name="testDashboardTitle" time="0.585"/>
  <testcase classname="TestClasses.dashboardTest" name="testProductCount" time="0.213"/>
  <testcase classname="TestClasses.cartTest" name="testAddOneProductToCart" time="0.344"/>
  <testcase classname="TestClasses.cartTest" name="testAddMultipleProductsToCart" time="0.627"/>
  <testcase classname="TestClasses.cartTest" name="testRemoveProductFromCart" time="0.453"/>
</testsuite> <!-- All Tests -->
